Change Component Designator: Old Designator=BT2 New Designator=BT1
Change Component Designator: Old Designator=C11 New Designator=C1
Change Component Designator: Old Designator=C12 New Designator=C2
Change Component Designator: Old Designator=C13 New Designator=C3
Change Component Designator: Old Designator=C14 New Designator=C4
Change Component Designator: Old Designator=C15 New Designator=C5
Change Component Designator: Old Designator=C16 New Designator=C6
Change Component Designator: Old Designator=C17 New Designator=C7
Change Component Designator: Old Designator=C18 New Designator=C8
Change Component Designator: Old Designator=C19 New Designator=C9
Change Component Designator: Old Designator=C20 New Designator=C10
Change Component Designator: Old Designator=C21 New Designator=C11
Change Component Designator: Old Designator=C22 New Designator=C12
Change Component Designator: Old Designator=C23 New Designator=C13
Change Component Designator: Old Designator=C24 New Designator=C14
Change Component Designator: Old Designator=C25 New Designator=C15
Change Component Designator: Old Designator=D7 New Designator=D1
Change Component Designator: Old Designator=D8 New Designator=D2
Change Component Designator: Old Designator=D9 New Designator=D3
Change Component Designator: Old Designator=D10 New Designator=D4
Change Component Designator: Old Designator=D11 New Designator=D5
Change Component Designator: Old Designator=D12 New Designator=D6
Change Component Designator: Old Designator=IC4 New Designator=IC1
Change Component Designator: Old Designator=IC5 New Designator=IC2
Change Component Designator: Old Designator=IC6 New Designator=IC3
Change Component Designator: Old Designator=IC7 New Designator=IC4
Change Component Designator: Old Designator=J6 New Designator=J1
Change Component Designator: Old Designator=J7 New Designator=J2
Change Component Designator: Old Designator=J8 New Designator=J3
Change Component Designator: Old Designator=J9 New Designator=J4
Change Component Designator: Old Designator=J10 New Designator=J5
Change Component Designator: Old Designator=JP2 New Designator=JP1
Change Component Designator: Old Designator=JP3 New Designator=JP2
Change Component Designator: Old Designator=L3 New Designator=L1
Change Component Designator: Old Designator=L4 New Designator=L2
Change Component Designator: Old Designator=L5 New Designator=L3
Change Component Designator: Old Designator=LED6 New Designator=LED1
Change Component Designator: Old Designator=LED7 New Designator=LED2
Change Component Designator: Old Designator=LED8 New Designator=LED3
Change Component Designator: Old Designator=LED9 New Designator=LED4
Change Component Designator: Old Designator=LED10 New Designator=LED5
Change Component Designator: Old Designator=Q5 New Designator=Q1
Change Component Designator: Old Designator=Q6 New Designator=Q2
Change Component Designator: Old Designator=Q7 New Designator=Q3
Change Component Designator: Old Designator=Q8 New Designator=Q4
Change Component Designator: Old Designator=R19 New Designator=R1
Change Component Designator: Old Designator=R20 New Designator=R2
Change Component Designator: Old Designator=R21 New Designator=R3
Change Component Designator: Old Designator=R22 New Designator=R4
Change Component Designator: Old Designator=R23 New Designator=R5
Change Component Designator: Old Designator=R24 New Designator=R6
Change Component Designator: Old Designator=R25 New Designator=R7
Change Component Designator: Old Designator=R26 New Designator=R8
Change Component Designator: Old Designator=R27 New Designator=R9
Change Component Designator: Old Designator=R28 New Designator=R10
Change Component Designator: Old Designator=R29 New Designator=R11
Change Component Designator: Old Designator=R30 New Designator=R12
Change Component Designator: Old Designator=R31 New Designator=R13
Change Component Designator: Old Designator=R32 New Designator=R14
Change Component Designator: Old Designator=R33 New Designator=R15
Change Component Designator: Old Designator=R34 New Designator=R16
Change Component Designator: Old Designator=R35 New Designator=R17
Change Component Designator: Old Designator=R36 New Designator=R18
Change Component Designator: Old Designator=R37 New Designator=R19
Change Component Designator: Old Designator=R38 New Designator=R20
Change Component Designator: Old Designator=R39 New Designator=R21
Change Component Designator: Old Designator=R40 New Designator=R22
Change Component Designator: Old Designator=RL5 New Designator=RL1
Change Component Designator: Old Designator=RL6 New Designator=RL2
Change Component Designator: Old Designator=RL7 New Designator=RL3
Change Component Designator: Old Designator=RL8 New Designator=RL4
Change Component Designator: Old Designator=Transf2 New Designator=Transf1
Change Component Designator: Old Designator=U8 New Designator=U1
Change Component Designator: Old Designator=U9 New Designator=U2
Change Component Designator: Old Designator=U10 New Designator=U3
Change Component Designator: Old Designator=U11 New Designator=U4
Change Component Designator: Old Designator=U12 New Designator=U5
Change Component Designator: Old Designator=U13 New Designator=U6
Change Component Designator: Old Designator=U14 New Designator=U7
Change Component Designator: Old Designator=U15 New Designator=U8
Change Component Designator: Old Designator=Y2 New Designator=Y1
