Change Component Designator: OldDesignator=C12 NewDesignator=C13
Change Component Designator: OldDesignator=C13 NewDesignator=C14
Added Component: Designator=C12(CAP_0805)
Add component (AddParameter): Name = "LatestRevisionDate"; Value = "17-Jul-2002"; VariantName = "[No Variations]"
Add component (AddParameter): Name = "LatestRevisionNote"; Value = "Re-released for DXP Platform."; VariantName = "[No Variations]"
Add component (AddParameter): Name = "PackageReference"; Value = "RAD-0.3"; VariantName = "[No Variations]"
Add component (AddParameter): Name = "Published"; Value = "8-Jun-2000"; VariantName = "[No Variations]"
Add component (AddParameter): Name = "Publisher"; Value = "Altium Limited"; VariantName = "[No Variations]"
Add component (AddParameter): Name = "Value"; Value = "33p"; VariantName = "[No Variations]"
Added Component: Designator=C15(CAP_0805)
Add component (AddParameter): Name = "LatestRevisionDate"; Value = "17-Jul-2002"; VariantName = "[No Variations]"
Add component (AddParameter): Name = "LatestRevisionNote"; Value = "Re-released for DXP Platform."; VariantName = "[No Variations]"
Add component (AddParameter): Name = "PackageReference"; Value = "RAD-0.3"; VariantName = "[No Variations]"
Add component (AddParameter): Name = "Published"; Value = "8-Jun-2000"; VariantName = "[No Variations]"
Add component (AddParameter): Name = "Publisher"; Value = "Altium Limited"; VariantName = "[No Variations]"
Add component (AddParameter): Name = "Value"; Value = "33p"; VariantName = "[No Variations]"
Added Pin To Net: NetName=+3V3 Pin=C12-1
Added Pin To Net: NetName=GND_DC Pin=C12-2
Added Pin To Net: NetName=GND_DC Pin=C15-1
Added Pin To Net: NetName=+5 Pin=C15-2
Change Net Name : Old Net Name=NetC12_2 New Net Name=NetC13_2
Change Net Name : Old Net Name=NetC13_2 New Net Name=NetC14_2
Added Member To Class: ClassName=MACH Member=Component C1 10nF/500V
Added Member To Class: ClassName=MACH Member=Component C2 33uF
Added Member To Class: ClassName=MACH Member=Component C12 100nF
Added Member To Class: ClassName=MACH Member=Component C13 10pF
Added Member To Class: ClassName=MACH Member=Component C14 10pF
Added Member To Class: ClassName=MACH Member=Component C15 100nF
Added Member To Class: ClassName=MACH Member=Component U1 Diode Bridge Flate
Added Member To Class: ClassName=MACH Member=Component U3 ESP32-DEVKITC-32D
Added Member To Class: ClassName=MACH Member=Component U6 OPTO PC817 SMD
Added Member To Class: ClassName=MACH Member=Component U7 OPTO PC817 SMD
Added Room: Name=MACH
