Removed Pin From Net: NetName=GND_DC Pin=C1-1
Removed Pin From Net: NetName=+5 Pin=C1-2
Removed Pin From Net: NetName=GND_DC Pin=C2-1
Removed Pin From Net: NetName=+3V3 Pin=C2-2
Removed Pin From Net: NetName=+3V3 Pin=R12-2
Removed Pin From Net: NetName=GND_DC Pin=U1-1
Removed Pin From Net: NetName=+3V3 Pin=U1-2
Removed Pin From Net: NetName=+3V3 Pin=U1-2
Removed Pin From Net: NetName=+5 Pin=U1-3
Removed Member From Class: ClassName=MACH Member=C14
Removed Member From Class: ClassName=MACH Member=C15
Removed Member From Class: ClassName=MACH Member=U8
Change Component Designator: OldDesignator=C3 NewDesignator=C1
Change Component Designator: OldDesignator=C4 NewDesignator=C2
Change Component Designator: OldDesignator=C5 NewDesignator=C3
Change Component Designator: OldDesignator=C6 NewDesignator=C4
Change Component Designator: OldDesignator=C7 NewDesignator=C5
Change Component Designator: OldDesignator=C8 NewDesignator=C6
Change Component Designator: OldDesignator=C9 NewDesignator=C7
Change Component Designator: OldDesignator=C10 NewDesignator=C8
Change Component Designator: OldDesignator=C11 NewDesignator=C9
Change Component Designator: OldDesignator=C12 NewDesignator=C10
Change Component Designator: OldDesignator=C13 NewDesignator=C11
Change Component Designator: OldDesignator=C14 NewDesignator=C12
Change Component Designator: OldDesignator=C15 NewDesignator=C13
Change Component Designator: OldDesignator=U2 NewDesignator=U1
Change Component Designator: OldDesignator=U3 NewDesignator=U2
Change Component Designator: OldDesignator=U4 NewDesignator=U3
Change Component Designator: OldDesignator=U5 NewDesignator=U4
Change Component Designator: OldDesignator=U6 NewDesignator=U5
Change Component Designator: OldDesignator=U7 NewDesignator=U6
Change Component Designator: OldDesignator=U8 NewDesignator=U7
Added Pin To Net: NetName=+5 Pin=R12-2
Change Net Name : Old Net Name=NetC3_1 New Net Name=NetC1_1
Change Net Name : Old Net Name=NetC3_2 New Net Name=NetC1_2
Change Net Name : Old Net Name=NetC5_1 New Net Name=NetC3_1
Change Net Name : Old Net Name=NetC5_2 New Net Name=NetC3_2
Change Net Name : Old Net Name=NetC7_1 New Net Name=NetC5_1
Change Net Name : Old Net Name=NetC8_1 New Net Name=NetC6_1
Change Net Name : Old Net Name=NetC11_1 New Net Name=NetC9_1
Change Net Name : Old Net Name=NetC12_1 New Net Name=NetC10_1
Change Net Name : Old Net Name=NetC12_2 New Net Name=NetC10_2
Change Net Name : Old Net Name=NetC13_2 New Net Name=NetC11_2
Change Net Name : Old Net Name=NetC14_2 New Net Name=NetC12_2
Change Net Name : Old Net Name=NetC15_2 New Net Name=NetC13_2
Added Room: Name=MACH
